
2016-10-25 16:05:05,627 p=115 u=root |  PLAY [all] *********************************************************************
2016-10-25 16:05:05,684 p=115 u=root |  TASK [setup] *******************************************************************
2016-10-25 16:05:07,314 p=115 u=root |  ok: [issdm-15]
2016-10-25 16:05:09,476 p=115 u=root |  ok: [issdm-20]
2016-10-25 16:05:09,582 p=115 u=root |  ok: [issdm-6]
2016-10-25 16:05:09,652 p=115 u=root |  ok: [issdm-38]
2016-10-25 16:05:09,712 p=115 u=root |  ok: [issdm-47]
2016-10-25 16:05:09,741 p=115 u=root |  ok: [issdm-45]
2016-10-25 16:05:10,552 p=115 u=root |  ok: [issdm-29]
2016-10-25 16:05:10,617 p=115 u=root |  ok: [issdm-18]
2016-10-25 16:05:10,661 p=115 u=root |  ok: [issdm-16]
2016-10-25 16:05:10,677 p=115 u=root |  TASK [run-bench : ensure benchmarks dict exists] *******************************
2016-10-25 16:05:10,767 p=115 u=root |  ok: [issdm-6]
2016-10-25 16:05:10,785 p=115 u=root |  ok: [issdm-15]
2016-10-25 16:05:10,796 p=115 u=root |  ok: [issdm-16]
2016-10-25 16:05:10,820 p=115 u=root |  ok: [issdm-20]
2016-10-25 16:05:10,823 p=115 u=root |  ok: [issdm-18]
2016-10-25 16:05:10,844 p=115 u=root |  ok: [issdm-38]
2016-10-25 16:05:10,847 p=115 u=root |  ok: [issdm-45]
2016-10-25 16:05:10,850 p=115 u=root |  ok: [issdm-29]
2016-10-25 16:05:10,863 p=115 u=root |  ok: [issdm-47]
2016-10-25 16:05:10,875 p=115 u=root |  TASK [run-bench : reset results variable that gets populated in bench.yml] *****
2016-10-25 16:05:10,961 p=115 u=root |  ok: [issdm-6]
2016-10-25 16:05:10,982 p=115 u=root |  ok: [issdm-15]
2016-10-25 16:05:10,990 p=115 u=root |  ok: [issdm-16]
2016-10-25 16:05:10,995 p=115 u=root |  ok: [issdm-18]
2016-10-25 16:05:11,000 p=115 u=root |  ok: [issdm-20]
2016-10-25 16:05:11,005 p=115 u=root |  ok: [issdm-29]
2016-10-25 16:05:11,010 p=115 u=root |  ok: [issdm-38]
2016-10-25 16:05:11,020 p=115 u=root |  ok: [issdm-45]
2016-10-25 16:05:11,030 p=115 u=root |  ok: [issdm-47]
2016-10-25 16:05:11,041 p=115 u=root |  TASK [run-bench : run benchmarks] **********************************************
2016-10-25 16:05:11,318 p=115 u=root |  included: /experiment/roles/run-bench/tasks/run-bench.yml for issdm-6, issdm-15, issdm-18, issdm-16, issdm-20, issdm-29, issdm-38, issdm-45, issdm-47
2016-10-25 16:05:11,405 p=115 u=root |  TASK [run-bench : check that required variables are defined] *******************
2016-10-25 16:05:11,525 p=115 u=root |  ok: [issdm-6]
2016-10-25 16:05:11,542 p=115 u=root |  ok: [issdm-15]
2016-10-25 16:05:11,561 p=115 u=root |  ok: [issdm-16]
2016-10-25 16:05:11,568 p=115 u=root |  ok: [issdm-18]
2016-10-25 16:05:11,585 p=115 u=root |  ok: [issdm-20]
2016-10-25 16:05:11,590 p=115 u=root |  ok: [issdm-38]
2016-10-25 16:05:11,606 p=115 u=root |  ok: [issdm-29]
2016-10-25 16:05:11,617 p=115 u=root |  ok: [issdm-45]
2016-10-25 16:05:11,627 p=115 u=root |  ok: [issdm-47]
2016-10-25 16:05:11,640 p=115 u=root |  TASK [run-bench : pull image] **************************************************
2016-10-25 16:05:13,485 p=115 u=root |  changed: [issdm-16]
2016-10-25 16:05:13,496 p=115 u=root |  changed: [issdm-15]
2016-10-25 16:05:13,508 p=115 u=root |  changed: [issdm-20]
2016-10-25 16:05:13,519 p=115 u=root |  changed: [issdm-29]
2016-10-25 16:05:13,530 p=115 u=root |  changed: [issdm-6]
2016-10-25 16:05:13,541 p=115 u=root |  changed: [issdm-45]
2016-10-25 16:05:13,551 p=115 u=root |  changed: [issdm-18]
2016-10-25 16:05:13,567 p=115 u=root |  changed: [issdm-47]
2016-10-25 16:05:13,578 p=115 u=root |  changed: [issdm-38]
2016-10-25 16:05:13,592 p=115 u=root |  TASK [run-bench : upload files] ************************************************
2016-10-25 16:05:14,727 p=115 u=root |  ok: [issdm-6] => (item={u'dest': u'/tmp/slaves', u'src': u'./spark_slaves'})
2016-10-25 16:05:14,754 p=115 u=root |  ok: [issdm-29] => (item={u'dest': u'/tmp/slaves', u'src': u'./spark_slaves'})
2016-10-25 16:05:14,770 p=115 u=root |  ok: [issdm-38] => (item={u'dest': u'/tmp/slaves', u'src': u'./spark_slaves'})
2016-10-25 16:05:14,786 p=115 u=root |  ok: [issdm-45] => (item={u'dest': u'/tmp/slaves', u'src': u'./spark_slaves'})
2016-10-25 16:05:14,801 p=115 u=root |  ok: [issdm-47] => (item={u'dest': u'/tmp/slaves', u'src': u'./spark_slaves'})
2016-10-25 16:05:14,832 p=115 u=root |  ok: [issdm-15] => (item={u'dest': u'/tmp/slaves', u'src': u'./spark_slaves'})
2016-10-25 16:05:14,848 p=115 u=root |  ok: [issdm-16] => (item={u'dest': u'/tmp/slaves', u'src': u'./spark_slaves'})
2016-10-25 16:05:14,868 p=115 u=root |  ok: [issdm-18] => (item={u'dest': u'/tmp/slaves', u'src': u'./spark_slaves'})
2016-10-25 16:05:14,883 p=115 u=root |  ok: [issdm-20] => (item={u'dest': u'/tmp/slaves', u'src': u'./spark_slaves'})
2016-10-25 16:05:14,990 p=115 u=root |  TASK [run-bench : initialize docker_flags variable] ****************************
2016-10-25 16:05:15,114 p=115 u=root |  ok: [issdm-6]
2016-10-25 16:05:15,144 p=115 u=root |  ok: [issdm-15]
2016-10-25 16:05:15,161 p=115 u=root |  ok: [issdm-16]
2016-10-25 16:05:15,183 p=115 u=root |  ok: [issdm-18]
2016-10-25 16:05:15,194 p=115 u=root |  ok: [issdm-20]
2016-10-25 16:05:15,210 p=115 u=root |  ok: [issdm-29]
2016-10-25 16:05:15,226 p=115 u=root |  ok: [issdm-38]
2016-10-25 16:05:15,246 p=115 u=root |  ok: [issdm-45]
2016-10-25 16:05:15,262 p=115 u=root |  ok: [issdm-47]
2016-10-25 16:05:15,276 p=115 u=root |  TASK [run-bench : stop container] **********************************************
2016-10-25 16:05:15,773 p=115 u=root |  fatal: [issdm-6]: FAILED! => {"changed": true, "cmd": ["docker", "stop", "spark-bench"], "delta": "0:00:00.033781", "end": "2016-10-25 09:05:15.714819", "failed": true, "rc": 1, "start": "2016-10-25 09:05:15.681038", "stderr": "Error response from daemon: No such container: spark-bench", "stdout": "", "stdout_lines": [], "warnings": []}
2016-10-25 16:05:15,774 p=115 u=root |  ...ignoring
2016-10-25 16:05:15,781 p=115 u=root |  fatal: [issdm-15]: FAILED! => {"changed": true, "cmd": ["docker", "stop", "spark-bench"], "delta": "0:00:00.036903", "end": "2016-10-25 09:05:15.722203", "failed": true, "rc": 1, "start": "2016-10-25 09:05:15.685300", "stderr": "Error response from daemon: No such container: spark-bench", "stdout": "", "stdout_lines": [], "warnings": []}
2016-10-25 16:05:15,781 p=115 u=root |  ...ignoring
2016-10-25 16:05:15,797 p=115 u=root |  fatal: [issdm-16]: FAILED! => {"changed": true, "cmd": ["docker", "stop", "spark-bench"], "delta": "0:00:00.035477", "end": "2016-10-25 09:05:15.722154", "failed": true, "rc": 1, "start": "2016-10-25 09:05:15.686677", "stderr": "Error response from daemon: No such container: spark-bench", "stdout": "", "stdout_lines": [], "warnings": []}
2016-10-25 16:05:15,797 p=115 u=root |  ...ignoring
2016-10-25 16:05:15,811 p=115 u=root |  fatal: [issdm-18]: FAILED! => {"changed": true, "cmd": ["docker", "stop", "spark-bench"], "delta": "0:00:00.034467", "end": "2016-10-25 09:05:15.744403", "failed": true, "rc": 1, "start": "2016-10-25 09:05:15.709936", "stderr": "Error response from daemon: No such container: spark-bench", "stdout": "", "stdout_lines": [], "warnings": []}
2016-10-25 16:05:15,812 p=115 u=root |  ...ignoring
2016-10-25 16:05:15,818 p=115 u=root |  fatal: [issdm-20]: FAILED! => {"changed": true, "cmd": ["docker", "stop", "spark-bench"], "delta": "0:00:00.034517", "end": "2016-10-25 09:05:15.754783", "failed": true, "rc": 1, "start": "2016-10-25 09:05:15.720266", "stderr": "Error response from daemon: No such container: spark-bench", "stdout": "", "stdout_lines": [], "warnings": []}
2016-10-25 16:05:15,818 p=115 u=root |  ...ignoring
2016-10-25 16:05:15,830 p=115 u=root |  fatal: [issdm-29]: FAILED! => {"changed": true, "cmd": ["docker", "stop", "spark-bench"], "delta": "0:00:00.035607", "end": "2016-10-25 09:05:15.771145", "failed": true, "rc": 1, "start": "2016-10-25 09:05:15.735538", "stderr": "Error response from daemon: No such container: spark-bench", "stdout": "", "stdout_lines": [], "warnings": []}
2016-10-25 16:05:15,830 p=115 u=root |  ...ignoring
2016-10-25 16:05:15,841 p=115 u=root |  fatal: [issdm-38]: FAILED! => {"changed": true, "cmd": ["docker", "stop", "spark-bench"], "delta": "0:00:00.033683", "end": "2016-10-25 09:05:15.767816", "failed": true, "rc": 1, "start": "2016-10-25 09:05:15.734133", "stderr": "Error response from daemon: No such container: spark-bench", "stdout": "", "stdout_lines": [], "warnings": []}
2016-10-25 16:05:15,841 p=115 u=root |  ...ignoring
2016-10-25 16:05:15,852 p=115 u=root |  fatal: [issdm-47]: FAILED! => {"changed": true, "cmd": ["docker", "stop", "spark-bench"], "delta": "0:00:00.032587", "end": "2016-10-25 09:05:15.790216", "failed": true, "rc": 1, "start": "2016-10-25 09:05:15.757629", "stderr": "Error response from daemon: No such container: spark-bench", "stdout": "", "stdout_lines": [], "warnings": []}
2016-10-25 16:05:15,852 p=115 u=root |  ...ignoring
2016-10-25 16:05:15,863 p=115 u=root |  fatal: [issdm-45]: FAILED! => {"changed": true, "cmd": ["docker", "stop", "spark-bench"], "delta": "0:00:00.033434", "end": "2016-10-25 09:05:15.789991", "failed": true, "rc": 1, "start": "2016-10-25 09:05:15.756557", "stderr": "Error response from daemon: No such container: spark-bench", "stdout": "", "stdout_lines": [], "warnings": []}
2016-10-25 16:05:15,863 p=115 u=root |  ...ignoring
2016-10-25 16:05:15,876 p=115 u=root |  TASK [run-bench : remove container] ********************************************
2016-10-25 16:05:16,335 p=115 u=root |  fatal: [issdm-6]: FAILED! => {"changed": true, "cmd": ["docker", "rm", "spark-bench"], "delta": "0:00:00.035702", "end": "2016-10-25 09:05:16.278002", "failed": true, "rc": 1, "start": "2016-10-25 09:05:16.242300", "stderr": "Error response from daemon: No such container: spark-bench", "stdout": "", "stdout_lines": [], "warnings": []}
2016-10-25 16:05:16,335 p=115 u=root |  ...ignoring
2016-10-25 16:05:16,373 p=115 u=root |  fatal: [issdm-16]: FAILED! => {"changed": true, "cmd": ["docker", "rm", "spark-bench"], "delta": "0:00:00.034352", "end": "2016-10-25 09:05:16.320804", "failed": true, "rc": 1, "start": "2016-10-25 09:05:16.286452", "stderr": "Error response from daemon: No such container: spark-bench", "stdout": "", "stdout_lines": [], "warnings": []}
2016-10-25 16:05:16,374 p=115 u=root |  ...ignoring
2016-10-25 16:05:16,395 p=115 u=root |  fatal: [issdm-15]: FAILED! => {"changed": true, "cmd": ["docker", "rm", "spark-bench"], "delta": "0:00:00.035085", "end": "2016-10-25 09:05:16.343634", "failed": true, "rc": 1, "start": "2016-10-25 09:05:16.308549", "stderr": "Error response from daemon: No such container: spark-bench", "stdout": "", "stdout_lines": [], "warnings": []}
2016-10-25 16:05:16,396 p=115 u=root |  ...ignoring
2016-10-25 16:05:16,407 p=115 u=root |  fatal: [issdm-29]: FAILED! => {"changed": true, "cmd": ["docker", "rm", "spark-bench"], "delta": "0:00:00.034435", "end": "2016-10-25 09:05:16.354557", "failed": true, "rc": 1, "start": "2016-10-25 09:05:16.320122", "stderr": "Error response from daemon: No such container: spark-bench", "stdout": "", "stdout_lines": [], "warnings": []}
2016-10-25 16:05:16,407 p=115 u=root |  ...ignoring
2016-10-25 16:05:16,421 p=115 u=root |  fatal: [issdm-18]: FAILED! => {"changed": true, "cmd": ["docker", "rm", "spark-bench"], "delta": "0:00:00.036249", "end": "2016-10-25 09:05:16.362049", "failed": true, "rc": 1, "start": "2016-10-25 09:05:16.325800", "stderr": "Error response from daemon: No such container: spark-bench", "stdout": "", "stdout_lines": [], "warnings": []}
2016-10-25 16:05:16,422 p=115 u=root |  ...ignoring
2016-10-25 16:05:16,433 p=115 u=root |  fatal: [issdm-38]: FAILED! => {"changed": true, "cmd": ["docker", "rm", "spark-bench"], "delta": "0:00:00.033575", "end": "2016-10-25 09:05:16.378203", "failed": true, "rc": 1, "start": "2016-10-25 09:05:16.344628", "stderr": "Error response from daemon: No such container: spark-bench", "stdout": "", "stdout_lines": [], "warnings": []}
2016-10-25 16:05:16,434 p=115 u=root |  ...ignoring
2016-10-25 16:05:16,445 p=115 u=root |  fatal: [issdm-20]: FAILED! => {"changed": true, "cmd": ["docker", "rm", "spark-bench"], "delta": "0:00:00.034244", "end": "2016-10-25 09:05:16.379137", "failed": true, "rc": 1, "start": "2016-10-25 09:05:16.344893", "stderr": "Error response from daemon: No such container: spark-bench", "stdout": "", "stdout_lines": [], "warnings": []}
2016-10-25 16:05:16,445 p=115 u=root |  ...ignoring
2016-10-25 16:05:16,456 p=115 u=root |  fatal: [issdm-45]: FAILED! => {"changed": true, "cmd": ["docker", "rm", "spark-bench"], "delta": "0:00:00.035519", "end": "2016-10-25 09:05:16.393600", "failed": true, "rc": 1, "start": "2016-10-25 09:05:16.358081", "stderr": "Error response from daemon: No such container: spark-bench", "stdout": "", "stdout_lines": [], "warnings": []}
2016-10-25 16:05:16,456 p=115 u=root |  ...ignoring
2016-10-25 16:05:16,469 p=115 u=root |  fatal: [issdm-47]: FAILED! => {"changed": true, "cmd": ["docker", "rm", "spark-bench"], "delta": "0:00:00.034973", "end": "2016-10-25 09:05:16.396900", "failed": true, "rc": 1, "start": "2016-10-25 09:05:16.361927", "stderr": "Error response from daemon: No such container: spark-bench", "stdout": "", "stdout_lines": [], "warnings": []}
2016-10-25 16:05:16,469 p=115 u=root |  ...ignoring
2016-10-25 16:05:16,482 p=115 u=root |  TASK [run-bench : add environment to docker_flags] *****************************
2016-10-25 16:05:16,693 p=115 u=root |  ok: [issdm-6] => (item={'value': 2222, 'key': u'SSHD_PORT'})
2016-10-25 16:05:16,713 p=115 u=root |  ok: [issdm-15] => (item={'value': 2222, 'key': u'SSHD_PORT'})
2016-10-25 16:05:16,722 p=115 u=root |  ok: [issdm-16] => (item={'value': 2222, 'key': u'SSHD_PORT'})
2016-10-25 16:05:16,735 p=115 u=root |  ok: [issdm-18] => (item={'value': 2222, 'key': u'SSHD_PORT'})
2016-10-25 16:05:16,774 p=115 u=root |  ok: [issdm-47] => (item={'value': 2222, 'key': u'SSHD_PORT'})
2016-10-25 16:05:16,792 p=115 u=root |  ok: [issdm-20] => (item={'value': 2222, 'key': u'SSHD_PORT'})
2016-10-25 16:05:16,822 p=115 u=root |  ok: [issdm-29] => (item={'value': 2222, 'key': u'SSHD_PORT'})
2016-10-25 16:05:16,828 p=115 u=root |  ok: [issdm-45] => (item={'value': 2222, 'key': u'SSHD_PORT'})
2016-10-25 16:05:16,839 p=115 u=root |  ok: [issdm-18] => (item={'value': True, 'key': u'ADD_INSECURE_KEY'})
2016-10-25 16:05:16,877 p=115 u=root |  ok: [issdm-38] => (item={'value': 2222, 'key': u'SSHD_PORT'})
2016-10-25 16:05:16,894 p=115 u=root |  ok: [issdm-6] => (item={'value': True, 'key': u'ADD_INSECURE_KEY'})
2016-10-25 16:05:16,911 p=115 u=root |  ok: [issdm-16] => (item={'value': True, 'key': u'ADD_INSECURE_KEY'})
2016-10-25 16:05:16,917 p=115 u=root |  ok: [issdm-15] => (item={'value': True, 'key': u'ADD_INSECURE_KEY'})
2016-10-25 16:05:16,939 p=115 u=root |  ok: [issdm-20] => (item={'value': True, 'key': u'ADD_INSECURE_KEY'})
2016-10-25 16:05:16,947 p=115 u=root |  ok: [issdm-29] => (item={'value': True, 'key': u'ADD_INSECURE_KEY'})
2016-10-25 16:05:16,964 p=115 u=root |  ok: [issdm-47] => (item={'value': True, 'key': u'ADD_INSECURE_KEY'})
2016-10-25 16:05:16,976 p=115 u=root |  ok: [issdm-18] => (item={'value': 5, 'key': u'WAIT_SSHD_SECS'})
2016-10-25 16:05:16,988 p=115 u=root |  ok: [issdm-45] => (item={'value': True, 'key': u'ADD_INSECURE_KEY'})
2016-10-25 16:05:17,029 p=115 u=root |  ok: [issdm-38] => (item={'value': True, 'key': u'ADD_INSECURE_KEY'})
2016-10-25 16:05:17,059 p=115 u=root |  ok: [issdm-16] => (item={'value': 5, 'key': u'WAIT_SSHD_SECS'})
2016-10-25 16:05:17,108 p=115 u=root |  ok: [issdm-20] => (item={'value': 5, 'key': u'WAIT_SSHD_SECS'})
2016-10-25 16:05:17,114 p=115 u=root |  ok: [issdm-29] => (item={'value': 5, 'key': u'WAIT_SSHD_SECS'})
2016-10-25 16:05:17,125 p=115 u=root |  ok: [issdm-45] => (item={'value': 5, 'key': u'WAIT_SSHD_SECS'})
2016-10-25 16:05:17,136 p=115 u=root |  ok: [issdm-47] => (item={'value': 5, 'key': u'WAIT_SSHD_SECS'})
2016-10-25 16:05:17,146 p=115 u=root |  ok: [issdm-6] => (item={'value': 5, 'key': u'WAIT_SSHD_SECS'})
2016-10-25 16:05:17,161 p=115 u=root |  ok: [issdm-15] => (item={'value': 5, 'key': u'WAIT_SSHD_SECS'})
2016-10-25 16:05:17,228 p=115 u=root |  ok: [issdm-38] => (item={'value': 5, 'key': u'WAIT_SSHD_SECS'})
2016-10-25 16:05:17,378 p=115 u=root |  TASK [run-bench : check if there is a host-specific environment] ***************
2016-10-25 16:05:17,573 p=115 u=root |  ok: [issdm-6] => (item={'value': 1, 'key': u'MASTER'})
2016-10-25 16:05:17,602 p=115 u=root |  TASK [run-bench : add network mode to docker_flags] ****************************
2016-10-25 16:05:17,737 p=115 u=root |  ok: [issdm-6]
2016-10-25 16:05:17,766 p=115 u=root |  ok: [issdm-16]
2016-10-25 16:05:17,780 p=115 u=root |  ok: [issdm-15]
2016-10-25 16:05:17,802 p=115 u=root |  ok: [issdm-18]
2016-10-25 16:05:17,813 p=115 u=root |  ok: [issdm-20]
2016-10-25 16:05:17,830 p=115 u=root |  ok: [issdm-29]
2016-10-25 16:05:17,845 p=115 u=root |  ok: [issdm-38]
2016-10-25 16:05:17,861 p=115 u=root |  ok: [issdm-45]
2016-10-25 16:05:17,882 p=115 u=root |  ok: [issdm-47]
2016-10-25 16:05:17,895 p=115 u=root |  TASK [run-bench : add ports to docker_flags] ***********************************
2016-10-25 16:05:18,075 p=115 u=root |  TASK [run-bench : add volumes args] ********************************************
2016-10-25 16:05:18,259 p=115 u=root |  ok: [issdm-6] => (item=/tmp/slaves:/spark/conf/slaves)
2016-10-25 16:05:18,294 p=115 u=root |  ok: [issdm-15] => (item=/tmp/slaves:/spark/conf/slaves)
2016-10-25 16:05:18,327 p=115 u=root |  ok: [issdm-16] => (item=/tmp/slaves:/spark/conf/slaves)
2016-10-25 16:05:18,333 p=115 u=root |  ok: [issdm-18] => (item=/tmp/slaves:/spark/conf/slaves)
2016-10-25 16:05:18,345 p=115 u=root |  ok: [issdm-20] => (item=/tmp/slaves:/spark/conf/slaves)
2016-10-25 16:05:18,361 p=115 u=root |  ok: [issdm-29] => (item=/tmp/slaves:/spark/conf/slaves)
2016-10-25 16:05:18,438 p=115 u=root |  ok: [issdm-38] => (item=/tmp/slaves:/spark/conf/slaves)
2016-10-25 16:05:18,449 p=115 u=root |  ok: [issdm-45] => (item=/tmp/slaves:/spark/conf/slaves)
2016-10-25 16:05:18,459 p=115 u=root |  ok: [issdm-47] => (item=/tmp/slaves:/spark/conf/slaves)
2016-10-25 16:05:18,523 p=115 u=root |  TASK [run-bench : set args value] **********************************************
2016-10-25 16:05:18,661 p=115 u=root |  ok: [issdm-6]
2016-10-25 16:05:18,679 p=115 u=root |  ok: [issdm-15]
2016-10-25 16:05:18,702 p=115 u=root |  ok: [issdm-18]
2016-10-25 16:05:18,723 p=115 u=root |  ok: [issdm-16]
2016-10-25 16:05:18,739 p=115 u=root |  ok: [issdm-20]
2016-10-25 16:05:18,756 p=115 u=root |  ok: [issdm-29]
2016-10-25 16:05:18,772 p=115 u=root |  ok: [issdm-38]
2016-10-25 16:05:18,788 p=115 u=root |  ok: [issdm-45]
2016-10-25 16:05:18,809 p=115 u=root |  ok: [issdm-47]
2016-10-25 16:05:18,822 p=115 u=root |  TASK [run-bench : run container] ***********************************************
2016-10-25 16:05:43,030 p=115 u=root |  changed: [issdm-15] => (item=1)
2016-10-25 16:05:43,217 p=115 u=root |  changed: [issdm-16] => (item=1)
2016-10-25 16:05:43,382 p=115 u=root |  changed: [issdm-18] => (item=1)
2016-10-25 16:05:43,583 p=115 u=root |  changed: [issdm-20] => (item=1)
2016-10-25 16:05:43,836 p=115 u=root |  changed: [issdm-29] => (item=1)
2016-10-25 16:05:44,011 p=115 u=root |  changed: [issdm-38] => (item=1)
2016-10-25 16:05:44,217 p=115 u=root |  changed: [issdm-45] => (item=1)
2016-10-25 16:05:44,413 p=115 u=root |  changed: [issdm-6] => (item=1)
2016-10-25 16:05:44,455 p=115 u=root |  changed: [issdm-47] => (item=1)
2016-10-25 16:06:08,546 p=115 u=root |  changed: [issdm-15] => (item=2)
2016-10-25 16:06:08,696 p=115 u=root |  changed: [issdm-16] => (item=2)
2016-10-25 16:06:08,901 p=115 u=root |  changed: [issdm-18] => (item=2)
2016-10-25 16:06:09,091 p=115 u=root |  changed: [issdm-20] => (item=2)
2016-10-25 16:06:09,322 p=115 u=root |  changed: [issdm-29] => (item=2)
2016-10-25 16:06:09,547 p=115 u=root |  changed: [issdm-38] => (item=2)
2016-10-25 16:06:09,751 p=115 u=root |  changed: [issdm-45] => (item=2)
2016-10-25 16:06:09,921 p=115 u=root |  changed: [issdm-6] => (item=2)
2016-10-25 16:06:09,949 p=115 u=root |  changed: [issdm-47] => (item=2)
2016-10-25 16:06:09,977 p=115 u=root |  TASK [run-bench : add result to all repetitions variable] **********************
2016-10-25 16:06:10,173 p=115 u=root |  skipping: [issdm-6] => (item={'_ansible_parsed': True, u'changed': True, u'stdout': u'starting org.apache.spark.deploy.master.Master, logging to /spark/logs/spark--org.apache.spark.deploy.master.Master-1-issdm-6.out\nissdm-20: starting org.apache.spark.deploy.worker.Worker, logging to /spark/logs/spark-root-org.apache.spark.deploy.worker.Worker-1-issdm-20.out\nissdm-15: starting org.apache.spark.deploy.worker.Worker, logging to /spark/logs/spark-root-org.apache.spark.deploy.worker.Worker-1-issdm-15.out\nissdm-47: starting org.apache.spark.deploy.worker.Worker, logging to /spark/logs/spark-root-org.apache.spark.deploy.worker.Worker-1-issdm-47.out\nissdm-45: starting org.apache.spark.deploy.worker.Worker, logging to /spark/logs/spark-root-org.apache.spark.deploy.worker.Worker-1-issdm-45.out\nissdm-29: starting org.apache.spark.deploy.worker.Worker, logging to /spark/logs/spark-root-org.apache.spark.deploy.worker.Worker-1-issdm-29.out\nissdm-38: starting org.apache.spark.deploy.worker.Worker, logging to /spark/logs/spark-root-org.apache.spark.deploy.worker.Worker-1-issdm-38.out\nissdm-16: starting org.apache.spark.deploy.worker.Worker, logging to /spark/logs/spark-root-org.apache.spark.deploy.worker.Worker-1-issdm-16.out\nissdm-18: starting org.apache.spark.deploy.worker.Worker, logging to /spark/logs/spark-root-org.apache.spark.deploy.worker.Worker-1-issdm-18.out\nStopping OpenBSD Secure Shell server: sshd.\nStopping OpenBSD Secure Shell server: sshd.\nStopping OpenBSD Secure Shell server: sshd.\nStopping OpenBSD Secure Shell server: sshd.\nStopping OpenBSD Secure Shell server: sshd.\nStopping OpenBSD Secure Shell server: sshd.\nStopping OpenBSD Secure Shell server: sshd.\nStopping OpenBSD Secure Shell server: sshd.\nStopping OpenBSD Secure Shell server: sshd.', '_ansible_no_log': False, 'stdout_lines': [u'starting org.apache.spark.deploy.master.Master, logging to /spark/logs/spark--org.apache.spark.deploy.master.Master-1-issdm-6.out', u'issdm-20: starting org.apache.spark.deploy.worker.Worker, logging to /spark/logs/spark-root-org.apache.spark.deploy.worker.Worker-1-issdm-20.out', u'issdm-15: starting org.apache.spark.deploy.worker.Worker, logging to /spark/logs/spark-root-org.apache.spark.deploy.worker.Worker-1-issdm-15.out', u'issdm-47: starting org.apache.spark.deploy.worker.Worker, logging to /spark/logs/spark-root-org.apache.spark.deploy.worker.Worker-1-issdm-47.out', u'issdm-45: starting org.apache.spark.deploy.worker.Worker, logging to /spark/logs/spark-root-org.apache.spark.deploy.worker.Worker-1-issdm-45.out', u'issdm-29: starting org.apache.spark.deploy.worker.Worker, logging to /spark/logs/spark-root-org.apache.spark.deploy.worker.Worker-1-issdm-29.out', u'issdm-38: starting org.apache.spark.deploy.worker.Worker, logging to /spark/logs/spark-root-org.apache.spark.deploy.worker.Worker-1-issdm-38.out', u'issdm-16: starting org.apache.spark.deploy.worker.Worker, logging to /spark/logs/spark-root-org.apache.spark.deploy.worker.Worker-1-issdm-16.out', u'issdm-18: starting org.apache.spark.deploy.worker.Worker, logging to /spark/logs/spark-root-org.apache.spark.deploy.worker.Worker-1-issdm-18.out', u'Stopping OpenBSD Secure Shell server: sshd.', u'Stopping OpenBSD Secure Shell server: sshd.', u'Stopping OpenBSD Secure Shell server: sshd.', u'Stopping OpenBSD Secure Shell server: sshd.', u'Stopping OpenBSD Secure Shell server: sshd.', u'Stopping OpenBSD Secure Shell server: sshd.', u'Stopping OpenBSD Secure Shell server: sshd.', u'Stopping OpenBSD Secure Shell server: sshd.', u'Stopping OpenBSD Secure Shell server: sshd.'], u'warnings': [], '_ansible_item_result': True, u'start': u'2016-10-25 09:05:19.273963', u'delta': u'0:00:25.076790', u'cmd': u'docker run --rm --name=spark-bench -e SSHD_PORT="2222" -e ADD_INSECURE_KEY="True" -e WAIT_SSHD_SECS="5" -e MASTER="1" --net=host -v /tmp/slaves:/spark/conf/slaves ivotron/spark-bench run-example SparkPi 100', 'item': u'1', u'rc': 0, 'invocation': {'module_name': u'command', u'module_args': {u'creates': None, u'executable': None, u'_uses_shell': True, u'_raw_params': u'docker run --rm --name=spark-bench -e SSHD_PORT="2222" -e ADD_INSECURE_KEY="True" -e WAIT_SSHD_SECS="5" -e MASTER="1" --net=host -v /tmp/slaves:/spark/conf/slaves ivotron/spark-bench run-example SparkPi 100', u'removes': None, u'warn': True, u'chdir': None}}, u'end': u'2016-10-25 09:05:44.350753', u'stderr': u''}) 
2016-10-25 16:06:10,188 p=115 u=root |  skipping: [issdm-15] => (item={'_ansible_parsed': True, u'changed': True, u'stdout': u'', '_ansible_no_log': False, 'stdout_lines': [], u'warnings': [], '_ansible_item_result': True, u'start': u'2016-10-25 09:05:19.294682', u'delta': u'0:00:23.682671', u'cmd': u'docker run --rm --name=spark-bench -e SSHD_PORT="2222" -e ADD_INSECURE_KEY="True" -e WAIT_SSHD_SECS="5" --net=host -v /tmp/slaves:/spark/conf/slaves ivotron/spark-bench run-example SparkPi 100', 'item': u'1', u'rc': 0, 'invocation': {'module_name': u'command', u'module_args': {u'creates': None, u'executable': None, u'_uses_shell': True, u'_raw_params': u'docker run --rm --name=spark-bench -e SSHD_PORT="2222" -e ADD_INSECURE_KEY="True" -e WAIT_SSHD_SECS="5" --net=host -v /tmp/slaves:/spark/conf/slaves ivotron/spark-bench run-example SparkPi 100', u'removes': None, u'warn': True, u'chdir': None}}, u'end': u'2016-10-25 09:05:42.977353', u'stderr': u''}) 
2016-10-25 16:06:10,198 p=115 u=root |  skipping: [issdm-16] => (item={'_ansible_parsed': True, u'changed': True, u'stdout': u'', '_ansible_no_log': False, 'stdout_lines': [], u'warnings': [], '_ansible_item_result': True, u'start': u'2016-10-25 09:05:19.338461', u'delta': u'0:00:23.822140', u'cmd': u'docker run --rm --name=spark-bench -e SSHD_PORT="2222" -e ADD_INSECURE_KEY="True" -e WAIT_SSHD_SECS="5" --net=host -v /tmp/slaves:/spark/conf/slaves ivotron/spark-bench run-example SparkPi 100', 'item': u'1', u'rc': 0, 'invocation': {'module_name': u'command', u'module_args': {u'creates': None, u'executable': None, u'_uses_shell': True, u'_raw_params': u'docker run --rm --name=spark-bench -e SSHD_PORT="2222" -e ADD_INSECURE_KEY="True" -e WAIT_SSHD_SECS="5" --net=host -v /tmp/slaves:/spark/conf/slaves ivotron/spark-bench run-example SparkPi 100', u'removes': None, u'warn': True, u'chdir': None}}, u'end': u'2016-10-25 09:05:43.160601', u'stderr': u''}) 
2016-10-25 16:06:10,226 p=115 u=root |  skipping: [issdm-18] => (item={'_ansible_parsed': True, u'changed': True, u'stdout': u'', '_ansible_no_log': False, 'stdout_lines': [], u'warnings': [], '_ansible_item_result': True, u'start': u'2016-10-25 09:05:19.337106', u'delta': u'0:00:23.991171', u'cmd': u'docker run --rm --name=spark-bench -e SSHD_PORT="2222" -e ADD_INSECURE_KEY="True" -e WAIT_SSHD_SECS="5" --net=host -v /tmp/slaves:/spark/conf/slaves ivotron/spark-bench run-example SparkPi 100', 'item': u'1', u'rc': 0, 'invocation': {'module_name': u'command', u'module_args': {u'creates': None, u'executable': None, u'_uses_shell': True, u'_raw_params': u'docker run --rm --name=spark-bench -e SSHD_PORT="2222" -e ADD_INSECURE_KEY="True" -e WAIT_SSHD_SECS="5" --net=host -v /tmp/slaves:/spark/conf/slaves ivotron/spark-bench run-example SparkPi 100', u'removes': None, u'warn': True, u'chdir': None}}, u'end': u'2016-10-25 09:05:43.328277', u'stderr': u''}) 
2016-10-25 16:06:10,251 p=115 u=root |  skipping: [issdm-20] => (item={'_ansible_parsed': True, u'changed': True, u'stdout': u'', '_ansible_no_log': False, 'stdout_lines': [], u'warnings': [], '_ansible_item_result': True, u'start': u'2016-10-25 09:05:19.351995', u'delta': u'0:00:24.178904', u'cmd': u'docker run --rm --name=spark-bench -e SSHD_PORT="2222" -e ADD_INSECURE_KEY="True" -e WAIT_SSHD_SECS="5" --net=host -v /tmp/slaves:/spark/conf/slaves ivotron/spark-bench run-example SparkPi 100', 'item': u'1', u'rc': 0, 'invocation': {'module_name': u'command', u'module_args': {u'creates': None, u'executable': None, u'_uses_shell': True, u'_raw_params': u'docker run --rm --name=spark-bench -e SSHD_PORT="2222" -e ADD_INSECURE_KEY="True" -e WAIT_SSHD_SECS="5" --net=host -v /tmp/slaves:/spark/conf/slaves ivotron/spark-bench run-example SparkPi 100', u'removes': None, u'warn': True, u'chdir': None}}, u'end': u'2016-10-25 09:05:43.530899', u'stderr': u''}) 
2016-10-25 16:06:10,267 p=115 u=root |  skipping: [issdm-15] => (item={'_ansible_parsed': True, u'changed': True, u'stdout': u'', '_ansible_no_log': False, 'stdout_lines': [], u'warnings': [], '_ansible_item_result': True, u'start': u'2016-10-25 09:05:43.382063', u'delta': u'0:00:25.114468', u'cmd': u'docker run --rm --name=spark-bench -e SSHD_PORT="2222" -e ADD_INSECURE_KEY="True" -e WAIT_SSHD_SECS="5" --net=host -v /tmp/slaves:/spark/conf/slaves ivotron/spark-bench run-example SparkPi 100', 'item': u'2', u'rc': 0, 'invocation': {'module_name': u'command', u'module_args': {u'creates': None, u'executable': None, u'_uses_shell': True, u'_raw_params': u'docker run --rm --name=spark-bench -e SSHD_PORT="2222" -e ADD_INSECURE_KEY="True" -e WAIT_SSHD_SECS="5" --net=host -v /tmp/slaves:/spark/conf/slaves ivotron/spark-bench run-example SparkPi 100', u'removes': None, u'warn': True, u'chdir': None}}, u'end': u'2016-10-25 09:06:08.496531', u'stderr': u''}) 
2016-10-25 16:06:10,273 p=115 u=root |  skipping: [issdm-16] => (item={'_ansible_parsed': True, u'changed': True, u'stdout': u'', '_ansible_no_log': False, 'stdout_lines': [], u'warnings': [], '_ansible_item_result': True, u'start': u'2016-10-25 09:05:43.565366', u'delta': u'0:00:25.079402', u'cmd': u'docker run --rm --name=spark-bench -e SSHD_PORT="2222" -e ADD_INSECURE_KEY="True" -e WAIT_SSHD_SECS="5" --net=host -v /tmp/slaves:/spark/conf/slaves ivotron/spark-bench run-example SparkPi 100', 'item': u'2', u'rc': 0, 'invocation': {'module_name': u'command', u'module_args': {u'creates': None, u'executable': None, u'_uses_shell': True, u'_raw_params': u'docker run --rm --name=spark-bench -e SSHD_PORT="2222" -e ADD_INSECURE_KEY="True" -e WAIT_SSHD_SECS="5" --net=host -v /tmp/slaves:/spark/conf/slaves ivotron/spark-bench run-example SparkPi 100', u'removes': None, u'warn': True, u'chdir': None}}, u'end': u'2016-10-25 09:06:08.644768', u'stderr': u''}) 
2016-10-25 16:06:10,278 p=115 u=root |  skipping: [issdm-45] => (item={'_ansible_parsed': True, u'changed': True, u'stdout': u'', '_ansible_no_log': False, 'stdout_lines': [], u'warnings': [], '_ansible_item_result': True, u'start': u'2016-10-25 09:05:19.393452', u'delta': u'0:00:24.764057', u'cmd': u'docker run --rm --name=spark-bench -e SSHD_PORT="2222" -e ADD_INSECURE_KEY="True" -e WAIT_SSHD_SECS="5" --net=host -v /tmp/slaves:/spark/conf/slaves ivotron/spark-bench run-example SparkPi 100', 'item': u'1', u'rc': 0, 'invocation': {'module_name': u'command', u'module_args': {u'creates': None, u'executable': None, u'_uses_shell': True, u'_raw_params': u'docker run --rm --name=spark-bench -e SSHD_PORT="2222" -e ADD_INSECURE_KEY="True" -e WAIT_SSHD_SECS="5" --net=host -v /tmp/slaves:/spark/conf/slaves ivotron/spark-bench run-example SparkPi 100', u'removes': None, u'warn': True, u'chdir': None}}, u'end': u'2016-10-25 09:05:44.157509', u'stderr': u''}) 
2016-10-25 16:06:10,313 p=115 u=root |  skipping: [issdm-18] => (item={'_ansible_parsed': True, u'changed': True, u'stdout': u'', '_ansible_no_log': False, 'stdout_lines': [], u'warnings': [], '_ansible_item_result': True, u'start': u'2016-10-25 09:05:43.736260', u'delta': u'0:00:25.116040', u'cmd': u'docker run --rm --name=spark-bench -e SSHD_PORT="2222" -e ADD_INSECURE_KEY="True" -e WAIT_SSHD_SECS="5" --net=host -v /tmp/slaves:/spark/conf/slaves ivotron/spark-bench run-example SparkPi 100', 'item': u'2', u'rc': 0, 'invocation': {'module_name': u'command', u'module_args': {u'creates': None, u'executable': None, u'_uses_shell': True, u'_raw_params': u'docker run --rm --name=spark-bench -e SSHD_PORT="2222" -e ADD_INSECURE_KEY="True" -e WAIT_SSHD_SECS="5" --net=host -v /tmp/slaves:/spark/conf/slaves ivotron/spark-bench run-example SparkPi 100', u'removes': None, u'warn': True, u'chdir': None}}, u'end': u'2016-10-25 09:06:08.852300', u'stderr': u''}) 
2016-10-25 16:06:10,329 p=115 u=root |  skipping: [issdm-20] => (item={'_ansible_parsed': True, u'changed': True, u'stdout': u'', '_ansible_no_log': False, 'stdout_lines': [], u'warnings': [], '_ansible_item_result': True, u'start': u'2016-10-25 09:05:43.931235', u'delta': u'0:00:25.109777', u'cmd': u'docker run --rm --name=spark-bench -e SSHD_PORT="2222" -e ADD_INSECURE_KEY="True" -e WAIT_SSHD_SECS="5" --net=host -v /tmp/slaves:/spark/conf/slaves ivotron/spark-bench run-example SparkPi 100', 'item': u'2', u'rc': 0, 'invocation': {'module_name': u'command', u'module_args': {u'creates': None, u'executable': None, u'_uses_shell': True, u'_raw_params': u'docker run --rm --name=spark-bench -e SSHD_PORT="2222" -e ADD_INSECURE_KEY="True" -e WAIT_SSHD_SECS="5" --net=host -v /tmp/slaves:/spark/conf/slaves ivotron/spark-bench run-example SparkPi 100', u'removes': None, u'warn': True, u'chdir': None}}, u'end': u'2016-10-25 09:06:09.041012', u'stderr': u''}) 
2016-10-25 16:06:10,350 p=115 u=root |  skipping: [issdm-29] => (item={'_ansible_parsed': True, u'changed': True, u'stdout': u'', '_ansible_no_log': False, 'stdout_lines': [], u'warnings': [], '_ansible_item_result': True, u'start': u'2016-10-25 09:05:19.358997', u'delta': u'0:00:24.417547', u'cmd': u'docker run --rm --name=spark-bench -e SSHD_PORT="2222" -e ADD_INSECURE_KEY="True" -e WAIT_SSHD_SECS="5" --net=host -v /tmp/slaves:/spark/conf/slaves ivotron/spark-bench run-example SparkPi 100', 'item': u'1', u'rc': 0, 'invocation': {'module_name': u'command', u'module_args': {u'creates': None, u'executable': None, u'_uses_shell': True, u'_raw_params': u'docker run --rm --name=spark-bench -e SSHD_PORT="2222" -e ADD_INSECURE_KEY="True" -e WAIT_SSHD_SECS="5" --net=host -v /tmp/slaves:/spark/conf/slaves ivotron/spark-bench run-example SparkPi 100', u'removes': None, u'warn': True, u'chdir': None}}, u'end': u'2016-10-25 09:05:43.776544', u'stderr': u''}) 
2016-10-25 16:06:10,359 p=115 u=root |  skipping: [issdm-38] => (item={'_ansible_parsed': True, u'changed': True, u'stdout': u'', '_ansible_no_log': False, 'stdout_lines': [], u'warnings': [], '_ansible_item_result': True, u'start': u'2016-10-25 09:05:19.393179', u'delta': u'0:00:24.562799', u'cmd': u'docker run --rm --name=spark-bench -e SSHD_PORT="2222" -e ADD_INSECURE_KEY="True" -e WAIT_SSHD_SECS="5" --net=host -v /tmp/slaves:/spark/conf/slaves ivotron/spark-bench run-example SparkPi 100', 'item': u'1', u'rc': 0, 'invocation': {'module_name': u'command', u'module_args': {u'creates': None, u'executable': None, u'_uses_shell': True, u'_raw_params': u'docker run --rm --name=spark-bench -e SSHD_PORT="2222" -e ADD_INSECURE_KEY="True" -e WAIT_SSHD_SECS="5" --net=host -v /tmp/slaves:/spark/conf/slaves ivotron/spark-bench run-example SparkPi 100', u'removes': None, u'warn': True, u'chdir': None}}, u'end': u'2016-10-25 09:05:43.955978', u'stderr': u''}) 
2016-10-25 16:06:10,369 p=115 u=root |  skipping: [issdm-45] => (item={'_ansible_parsed': True, u'changed': True, u'stdout': u'', '_ansible_no_log': False, 'stdout_lines': [], u'warnings': [], '_ansible_item_result': True, u'start': u'2016-10-25 09:05:44.565040', u'delta': u'0:00:25.134145', u'cmd': u'docker run --rm --name=spark-bench -e SSHD_PORT="2222" -e ADD_INSECURE_KEY="True" -e WAIT_SSHD_SECS="5" --net=host -v /tmp/slaves:/spark/conf/slaves ivotron/spark-bench run-example SparkPi 100', 'item': u'2', u'rc': 0, 'invocation': {'module_name': u'command', u'module_args': {u'creates': None, u'executable': None, u'_uses_shell': True, u'_raw_params': u'docker run --rm --name=spark-bench -e SSHD_PORT="2222" -e ADD_INSECURE_KEY="True" -e WAIT_SSHD_SECS="5" --net=host -v /tmp/slaves:/spark/conf/slaves ivotron/spark-bench run-example SparkPi 100', u'removes': None, u'warn': True, u'chdir': None}}, u'end': u'2016-10-25 09:06:09.699185', u'stderr': u''}) 
2016-10-25 16:06:10,375 p=115 u=root |  skipping: [issdm-47] => (item={'_ansible_parsed': True, u'changed': True, u'stdout': u'', '_ansible_no_log': False, 'stdout_lines': [], u'warnings': [], '_ansible_item_result': True, u'start': u'2016-10-25 09:05:19.387997', u'delta': u'0:00:25.011584', u'cmd': u'docker run --rm --name=spark-bench -e SSHD_PORT="2222" -e ADD_INSECURE_KEY="True" -e WAIT_SSHD_SECS="5" --net=host -v /tmp/slaves:/spark/conf/slaves ivotron/spark-bench run-example SparkPi 100', 'item': u'1', u'rc': 0, 'invocation': {'module_name': u'command', u'module_args': {u'creates': None, u'executable': None, u'_uses_shell': True, u'_raw_params': u'docker run --rm --name=spark-bench -e SSHD_PORT="2222" -e ADD_INSECURE_KEY="True" -e WAIT_SSHD_SECS="5" --net=host -v /tmp/slaves:/spark/conf/slaves ivotron/spark-bench run-example SparkPi 100', u'removes': None, u'warn': True, u'chdir': None}}, u'end': u'2016-10-25 09:05:44.399581', u'stderr': u''}) 
2016-10-25 16:06:10,386 p=115 u=root |  skipping: [issdm-6] => (item={'_ansible_parsed': True, u'changed': True, u'stdout': u'starting org.apache.spark.deploy.master.Master, logging to /spark/logs/spark--org.apache.spark.deploy.master.Master-1-issdm-6.out\nissdm-18: starting org.apache.spark.deploy.worker.Worker, logging to /spark/logs/spark-root-org.apache.spark.deploy.worker.Worker-1-issdm-18.out\nissdm-15: starting org.apache.spark.deploy.worker.Worker, logging to /spark/logs/spark-root-org.apache.spark.deploy.worker.Worker-1-issdm-15.out\nissdm-16: starting org.apache.spark.deploy.worker.Worker, logging to /spark/logs/spark-root-org.apache.spark.deploy.worker.Worker-1-issdm-16.out\nissdm-29: starting org.apache.spark.deploy.worker.Worker, logging to /spark/logs/spark-root-org.apache.spark.deploy.worker.Worker-1-issdm-29.out\nissdm-20: starting org.apache.spark.deploy.worker.Worker, logging to /spark/logs/spark-root-org.apache.spark.deploy.worker.Worker-1-issdm-20.out\nissdm-38: starting org.apache.spark.deploy.worker.Worker, logging to /spark/logs/spark-root-org.apache.spark.deploy.worker.Worker-1-issdm-38.out\nissdm-45: starting org.apache.spark.deploy.worker.Worker, logging to /spark/logs/spark-root-org.apache.spark.deploy.worker.Worker-1-issdm-45.out\nissdm-47: starting org.apache.spark.deploy.worker.Worker, logging to /spark/logs/spark-root-org.apache.spark.deploy.worker.Worker-1-issdm-47.out\nStopping OpenBSD Secure Shell server: sshd.\nStopping OpenBSD Secure Shell server: sshd.\nStopping OpenBSD Secure Shell server: sshd.\nStopping OpenBSD Secure Shell server: sshd.\nStopping OpenBSD Secure Shell server: sshd.\nStopping OpenBSD Secure Shell server: sshd.\nStopping OpenBSD Secure Shell server: sshd.\nStopping OpenBSD Secure Shell server: sshd.\nStopping OpenBSD Secure Shell server: sshd.', '_ansible_no_log': False, 'stdout_lines': [u'starting org.apache.spark.deploy.master.Master, logging to /spark/logs/spark--org.apache.spark.deploy.master.Master-1-issdm-6.out', u'issdm-18: starting org.apache.spark.deploy.worker.Worker, logging to /spark/logs/spark-root-org.apache.spark.deploy.worker.Worker-1-issdm-18.out', u'issdm-15: starting org.apache.spark.deploy.worker.Worker, logging to /spark/logs/spark-root-org.apache.spark.deploy.worker.Worker-1-issdm-15.out', u'issdm-16: starting org.apache.spark.deploy.worker.Worker, logging to /spark/logs/spark-root-org.apache.spark.deploy.worker.Worker-1-issdm-16.out', u'issdm-29: starting org.apache.spark.deploy.worker.Worker, logging to /spark/logs/spark-root-org.apache.spark.deploy.worker.Worker-1-issdm-29.out', u'issdm-20: starting org.apache.spark.deploy.worker.Worker, logging to /spark/logs/spark-root-org.apache.spark.deploy.worker.Worker-1-issdm-20.out', u'issdm-38: starting org.apache.spark.deploy.worker.Worker, logging to /spark/logs/spark-root-org.apache.spark.deploy.worker.Worker-1-issdm-38.out', u'issdm-45: starting org.apache.spark.deploy.worker.Worker, logging to /spark/logs/spark-root-org.apache.spark.deploy.worker.Worker-1-issdm-45.out', u'issdm-47: starting org.apache.spark.deploy.worker.Worker, logging to /spark/logs/spark-root-org.apache.spark.deploy.worker.Worker-1-issdm-47.out', u'Stopping OpenBSD Secure Shell server: sshd.', u'Stopping OpenBSD Secure Shell server: sshd.', u'Stopping OpenBSD Secure Shell server: sshd.', u'Stopping OpenBSD Secure Shell server: sshd.', u'Stopping OpenBSD Secure Shell server: sshd.', u'Stopping OpenBSD Secure Shell server: sshd.', u'Stopping OpenBSD Secure Shell server: sshd.', u'Stopping OpenBSD Secure Shell server: sshd.', u'Stopping OpenBSD Secure Shell server: sshd.'], u'warnings': [], '_ansible_item_result': True, u'start': u'2016-10-25 09:05:44.742669', u'delta': u'0:00:25.124317', u'cmd': u'docker run --rm --name=spark-bench -e SSHD_PORT="2222" -e ADD_INSECURE_KEY="True" -e WAIT_SSHD_SECS="5" -e MASTER="1" --net=host -v /tmp/slaves:/spark/conf/slaves ivotron/spark-bench run-example SparkPi 100', 'item': u'2', u'rc': 0, 'invocation': {'module_name': u'command', u'module_args': {u'creates': None, u'executable': None, u'_uses_shell': True, u'_raw_params': u'docker run --rm --name=spark-bench -e SSHD_PORT="2222" -e ADD_INSECURE_KEY="True" -e WAIT_SSHD_SECS="5" -e MASTER="1" --net=host -v /tmp/slaves:/spark/conf/slaves ivotron/spark-bench run-example SparkPi 100', u'removes': None, u'warn': True, u'chdir': None}}, u'end': u'2016-10-25 09:06:09.866986', u'stderr': u''}) 
2016-10-25 16:06:10,422 p=115 u=root |  skipping: [issdm-29] => (item={'_ansible_parsed': True, u'changed': True, u'stdout': u'', '_ansible_no_log': False, 'stdout_lines': [], u'warnings': [], '_ansible_item_result': True, u'start': u'2016-10-25 09:05:44.179794', u'delta': u'0:00:25.090818', u'cmd': u'docker run --rm --name=spark-bench -e SSHD_PORT="2222" -e ADD_INSECURE_KEY="True" -e WAIT_SSHD_SECS="5" --net=host -v /tmp/slaves:/spark/conf/slaves ivotron/spark-bench run-example SparkPi 100', 'item': u'2', u'rc': 0, 'invocation': {'module_name': u'command', u'module_args': {u'creates': None, u'executable': None, u'_uses_shell': True, u'_raw_params': u'docker run --rm --name=spark-bench -e SSHD_PORT="2222" -e ADD_INSECURE_KEY="True" -e WAIT_SSHD_SECS="5" --net=host -v /tmp/slaves:/spark/conf/slaves ivotron/spark-bench run-example SparkPi 100', u'removes': None, u'warn': True, u'chdir': None}}, u'end': u'2016-10-25 09:06:09.270612', u'stderr': u''}) 
2016-10-25 16:06:10,432 p=115 u=root |  skipping: [issdm-38] => (item={'_ansible_parsed': True, u'changed': True, u'stdout': u'', '_ansible_no_log': False, 'stdout_lines': [], u'warnings': [], '_ansible_item_result': True, u'start': u'2016-10-25 09:05:44.359690', u'delta': u'0:00:25.134127', u'cmd': u'docker run --rm --name=spark-bench -e SSHD_PORT="2222" -e ADD_INSECURE_KEY="True" -e WAIT_SSHD_SECS="5" --net=host -v /tmp/slaves:/spark/conf/slaves ivotron/spark-bench run-example SparkPi 100', 'item': u'2', u'rc': 0, 'invocation': {'module_name': u'command', u'module_args': {u'creates': None, u'executable': None, u'_uses_shell': True, u'_raw_params': u'docker run --rm --name=spark-bench -e SSHD_PORT="2222" -e ADD_INSECURE_KEY="True" -e WAIT_SSHD_SECS="5" --net=host -v /tmp/slaves:/spark/conf/slaves ivotron/spark-bench run-example SparkPi 100', u'removes': None, u'warn': True, u'chdir': None}}, u'end': u'2016-10-25 09:06:09.493817', u'stderr': u''}) 
2016-10-25 16:06:10,453 p=115 u=root |  skipping: [issdm-47] => (item={'_ansible_parsed': True, u'changed': True, u'stdout': u'', '_ansible_no_log': False, 'stdout_lines': [], u'warnings': [], '_ansible_item_result': True, u'start': u'2016-10-25 09:05:44.812116', u'delta': u'0:00:25.081265', u'cmd': u'docker run --rm --name=spark-bench -e SSHD_PORT="2222" -e ADD_INSECURE_KEY="True" -e WAIT_SSHD_SECS="5" --net=host -v /tmp/slaves:/spark/conf/slaves ivotron/spark-bench run-example SparkPi 100', 'item': u'2', u'rc': 0, 'invocation': {'module_name': u'command', u'module_args': {u'creates': None, u'executable': None, u'_uses_shell': True, u'_raw_params': u'docker run --rm --name=spark-bench -e SSHD_PORT="2222" -e ADD_INSECURE_KEY="True" -e WAIT_SSHD_SECS="5" --net=host -v /tmp/slaves:/spark/conf/slaves ivotron/spark-bench run-example SparkPi 100', u'removes': None, u'warn': True, u'chdir': None}}, u'end': u'2016-10-25 09:06:09.893381', u'stderr': u''}) 
2016-10-25 16:06:10,512 p=115 u=root |  TASK [run-bench : measure runtime if requested] ********************************
2016-10-25 16:06:10,778 p=115 u=root |  skipping: [issdm-16] => (item={'_ansible_parsed': True, u'changed': True, u'stdout': u'', '_ansible_no_log': False, 'stdout_lines': [], u'warnings': [], '_ansible_item_result': True, u'start': u'2016-10-25 09:05:19.338461', u'delta': u'0:00:23.822140', u'cmd': u'docker run --rm --name=spark-bench -e SSHD_PORT="2222" -e ADD_INSECURE_KEY="True" -e WAIT_SSHD_SECS="5" --net=host -v /tmp/slaves:/spark/conf/slaves ivotron/spark-bench run-example SparkPi 100', 'item': u'1', u'rc': 0, 'invocation': {'module_name': u'command', u'module_args': {u'creates': None, u'executable': None, u'_uses_shell': True, u'_raw_params': u'docker run --rm --name=spark-bench -e SSHD_PORT="2222" -e ADD_INSECURE_KEY="True" -e WAIT_SSHD_SECS="5" --net=host -v /tmp/slaves:/spark/conf/slaves ivotron/spark-bench run-example SparkPi 100', u'removes': None, u'warn': True, u'chdir': None}}, u'end': u'2016-10-25 09:05:43.160601', u'stderr': u''}) 
2016-10-25 16:06:10,801 p=115 u=root |  ok: [issdm-6] => (item={'_ansible_parsed': True, u'changed': True, u'stdout': u'starting org.apache.spark.deploy.master.Master, logging to /spark/logs/spark--org.apache.spark.deploy.master.Master-1-issdm-6.out\nissdm-20: starting org.apache.spark.deploy.worker.Worker, logging to /spark/logs/spark-root-org.apache.spark.deploy.worker.Worker-1-issdm-20.out\nissdm-15: starting org.apache.spark.deploy.worker.Worker, logging to /spark/logs/spark-root-org.apache.spark.deploy.worker.Worker-1-issdm-15.out\nissdm-47: starting org.apache.spark.deploy.worker.Worker, logging to /spark/logs/spark-root-org.apache.spark.deploy.worker.Worker-1-issdm-47.out\nissdm-45: starting org.apache.spark.deploy.worker.Worker, logging to /spark/logs/spark-root-org.apache.spark.deploy.worker.Worker-1-issdm-45.out\nissdm-29: starting org.apache.spark.deploy.worker.Worker, logging to /spark/logs/spark-root-org.apache.spark.deploy.worker.Worker-1-issdm-29.out\nissdm-38: starting org.apache.spark.deploy.worker.Worker, logging to /spark/logs/spark-root-org.apache.spark.deploy.worker.Worker-1-issdm-38.out\nissdm-16: starting org.apache.spark.deploy.worker.Worker, logging to /spark/logs/spark-root-org.apache.spark.deploy.worker.Worker-1-issdm-16.out\nissdm-18: starting org.apache.spark.deploy.worker.Worker, logging to /spark/logs/spark-root-org.apache.spark.deploy.worker.Worker-1-issdm-18.out\nStopping OpenBSD Secure Shell server: sshd.\nStopping OpenBSD Secure Shell server: sshd.\nStopping OpenBSD Secure Shell server: sshd.\nStopping OpenBSD Secure Shell server: sshd.\nStopping OpenBSD Secure Shell server: sshd.\nStopping OpenBSD Secure Shell server: sshd.\nStopping OpenBSD Secure Shell server: sshd.\nStopping OpenBSD Secure Shell server: sshd.\nStopping OpenBSD Secure Shell server: sshd.', '_ansible_no_log': False, 'stdout_lines': [u'starting org.apache.spark.deploy.master.Master, logging to /spark/logs/spark--org.apache.spark.deploy.master.Master-1-issdm-6.out', u'issdm-20: starting org.apache.spark.deploy.worker.Worker, logging to /spark/logs/spark-root-org.apache.spark.deploy.worker.Worker-1-issdm-20.out', u'issdm-15: starting org.apache.spark.deploy.worker.Worker, logging to /spark/logs/spark-root-org.apache.spark.deploy.worker.Worker-1-issdm-15.out', u'issdm-47: starting org.apache.spark.deploy.worker.Worker, logging to /spark/logs/spark-root-org.apache.spark.deploy.worker.Worker-1-issdm-47.out', u'issdm-45: starting org.apache.spark.deploy.worker.Worker, logging to /spark/logs/spark-root-org.apache.spark.deploy.worker.Worker-1-issdm-45.out', u'issdm-29: starting org.apache.spark.deploy.worker.Worker, logging to /spark/logs/spark-root-org.apache.spark.deploy.worker.Worker-1-issdm-29.out', u'issdm-38: starting org.apache.spark.deploy.worker.Worker, logging to /spark/logs/spark-root-org.apache.spark.deploy.worker.Worker-1-issdm-38.out', u'issdm-16: starting org.apache.spark.deploy.worker.Worker, logging to /spark/logs/spark-root-org.apache.spark.deploy.worker.Worker-1-issdm-16.out', u'issdm-18: starting org.apache.spark.deploy.worker.Worker, logging to /spark/logs/spark-root-org.apache.spark.deploy.worker.Worker-1-issdm-18.out', u'Stopping OpenBSD Secure Shell server: sshd.', u'Stopping OpenBSD Secure Shell server: sshd.', u'Stopping OpenBSD Secure Shell server: sshd.', u'Stopping OpenBSD Secure Shell server: sshd.', u'Stopping OpenBSD Secure Shell server: sshd.', u'Stopping OpenBSD Secure Shell server: sshd.', u'Stopping OpenBSD Secure Shell server: sshd.', u'Stopping OpenBSD Secure Shell server: sshd.', u'Stopping OpenBSD Secure Shell server: sshd.'], u'warnings': [], '_ansible_item_result': True, u'start': u'2016-10-25 09:05:19.273963', u'delta': u'0:00:25.076790', u'cmd': u'docker run --rm --name=spark-bench -e SSHD_PORT="2222" -e ADD_INSECURE_KEY="True" -e WAIT_SSHD_SECS="5" -e MASTER="1" --net=host -v /tmp/slaves:/spark/conf/slaves ivotron/spark-bench run-example SparkPi 100', 'item': u'1', u'rc': 0, 'invocation': {'module_name': u'command', u'module_args': {u'creates': None, u'executable': None, u'_uses_shell': True, u'_raw_params': u'docker run --rm --name=spark-bench -e SSHD_PORT="2222" -e ADD_INSECURE_KEY="True" -e WAIT_SSHD_SECS="5" -e MASTER="1" --net=host -v /tmp/slaves:/spark/conf/slaves ivotron/spark-bench run-example SparkPi 100', u'removes': None, u'warn': True, u'chdir': None}}, u'end': u'2016-10-25 09:05:44.350753', u'stderr': u''})
2016-10-25 16:06:10,829 p=115 u=root |  skipping: [issdm-18] => (item={'_ansible_parsed': True, u'changed': True, u'stdout': u'', '_ansible_no_log': False, 'stdout_lines': [], u'warnings': [], '_ansible_item_result': True, u'start': u'2016-10-25 09:05:19.337106', u'delta': u'0:00:23.991171', u'cmd': u'docker run --rm --name=spark-bench -e SSHD_PORT="2222" -e ADD_INSECURE_KEY="True" -e WAIT_SSHD_SECS="5" --net=host -v /tmp/slaves:/spark/conf/slaves ivotron/spark-bench run-example SparkPi 100', 'item': u'1', u'rc': 0, 'invocation': {'module_name': u'command', u'module_args': {u'creates': None, u'executable': None, u'_uses_shell': True, u'_raw_params': u'docker run --rm --name=spark-bench -e SSHD_PORT="2222" -e ADD_INSECURE_KEY="True" -e WAIT_SSHD_SECS="5" --net=host -v /tmp/slaves:/spark/conf/slaves ivotron/spark-bench run-example SparkPi 100', u'removes': None, u'warn': True, u'chdir': None}}, u'end': u'2016-10-25 09:05:43.328277', u'stderr': u''}) 
2016-10-25 16:06:10,841 p=115 u=root |  skipping: [issdm-20] => (item={'_ansible_parsed': True, u'changed': True, u'stdout': u'', '_ansible_no_log': False, 'stdout_lines': [], u'warnings': [], '_ansible_item_result': True, u'start': u'2016-10-25 09:05:19.351995', u'delta': u'0:00:24.178904', u'cmd': u'docker run --rm --name=spark-bench -e SSHD_PORT="2222" -e ADD_INSECURE_KEY="True" -e WAIT_SSHD_SECS="5" --net=host -v /tmp/slaves:/spark/conf/slaves ivotron/spark-bench run-example SparkPi 100', 'item': u'1', u'rc': 0, 'invocation': {'module_name': u'command', u'module_args': {u'creates': None, u'executable': None, u'_uses_shell': True, u'_raw_params': u'docker run --rm --name=spark-bench -e SSHD_PORT="2222" -e ADD_INSECURE_KEY="True" -e WAIT_SSHD_SECS="5" --net=host -v /tmp/slaves:/spark/conf/slaves ivotron/spark-bench run-example SparkPi 100', u'removes': None, u'warn': True, u'chdir': None}}, u'end': u'2016-10-25 09:05:43.530899', u'stderr': u''}) 
2016-10-25 16:06:10,852 p=115 u=root |  skipping: [issdm-29] => (item={'_ansible_parsed': True, u'changed': True, u'stdout': u'', '_ansible_no_log': False, 'stdout_lines': [], u'warnings': [], '_ansible_item_result': True, u'start': u'2016-10-25 09:05:19.358997', u'delta': u'0:00:24.417547', u'cmd': u'docker run --rm --name=spark-bench -e SSHD_PORT="2222" -e ADD_INSECURE_KEY="True" -e WAIT_SSHD_SECS="5" --net=host -v /tmp/slaves:/spark/conf/slaves ivotron/spark-bench run-example SparkPi 100', 'item': u'1', u'rc': 0, 'invocation': {'module_name': u'command', u'module_args': {u'creates': None, u'executable': None, u'_uses_shell': True, u'_raw_params': u'docker run --rm --name=spark-bench -e SSHD_PORT="2222" -e ADD_INSECURE_KEY="True" -e WAIT_SSHD_SECS="5" --net=host -v /tmp/slaves:/spark/conf/slaves ivotron/spark-bench run-example SparkPi 100', u'removes': None, u'warn': True, u'chdir': None}}, u'end': u'2016-10-25 09:05:43.776544', u'stderr': u''}) 
2016-10-25 16:06:10,864 p=115 u=root |  skipping: [issdm-15] => (item={'_ansible_parsed': True, u'changed': True, u'stdout': u'', '_ansible_no_log': False, 'stdout_lines': [], u'warnings': [], '_ansible_item_result': True, u'start': u'2016-10-25 09:05:19.294682', u'delta': u'0:00:23.682671', u'cmd': u'docker run --rm --name=spark-bench -e SSHD_PORT="2222" -e ADD_INSECURE_KEY="True" -e WAIT_SSHD_SECS="5" --net=host -v /tmp/slaves:/spark/conf/slaves ivotron/spark-bench run-example SparkPi 100', 'item': u'1', u'rc': 0, 'invocation': {'module_name': u'command', u'module_args': {u'creates': None, u'executable': None, u'_uses_shell': True, u'_raw_params': u'docker run --rm --name=spark-bench -e SSHD_PORT="2222" -e ADD_INSECURE_KEY="True" -e WAIT_SSHD_SECS="5" --net=host -v /tmp/slaves:/spark/conf/slaves ivotron/spark-bench run-example SparkPi 100', u'removes': None, u'warn': True, u'chdir': None}}, u'end': u'2016-10-25 09:05:42.977353', u'stderr': u''}) 
2016-10-25 16:06:10,893 p=115 u=root |  skipping: [issdm-38] => (item={'_ansible_parsed': True, u'changed': True, u'stdout': u'', '_ansible_no_log': False, 'stdout_lines': [], u'warnings': [], '_ansible_item_result': True, u'start': u'2016-10-25 09:05:19.393179', u'delta': u'0:00:24.562799', u'cmd': u'docker run --rm --name=spark-bench -e SSHD_PORT="2222" -e ADD_INSECURE_KEY="True" -e WAIT_SSHD_SECS="5" --net=host -v /tmp/slaves:/spark/conf/slaves ivotron/spark-bench run-example SparkPi 100', 'item': u'1', u'rc': 0, 'invocation': {'module_name': u'command', u'module_args': {u'creates': None, u'executable': None, u'_uses_shell': True, u'_raw_params': u'docker run --rm --name=spark-bench -e SSHD_PORT="2222" -e ADD_INSECURE_KEY="True" -e WAIT_SSHD_SECS="5" --net=host -v /tmp/slaves:/spark/conf/slaves ivotron/spark-bench run-example SparkPi 100', u'removes': None, u'warn': True, u'chdir': None}}, u'end': u'2016-10-25 09:05:43.955978', u'stderr': u''}) 
2016-10-25 16:06:10,902 p=115 u=root |  skipping: [issdm-18] => (item={'_ansible_parsed': True, u'changed': True, u'stdout': u'', '_ansible_no_log': False, 'stdout_lines': [], u'warnings': [], '_ansible_item_result': True, u'start': u'2016-10-25 09:05:43.736260', u'delta': u'0:00:25.116040', u'cmd': u'docker run --rm --name=spark-bench -e SSHD_PORT="2222" -e ADD_INSECURE_KEY="True" -e WAIT_SSHD_SECS="5" --net=host -v /tmp/slaves:/spark/conf/slaves ivotron/spark-bench run-example SparkPi 100', 'item': u'2', u'rc': 0, 'invocation': {'module_name': u'command', u'module_args': {u'creates': None, u'executable': None, u'_uses_shell': True, u'_raw_params': u'docker run --rm --name=spark-bench -e SSHD_PORT="2222" -e ADD_INSECURE_KEY="True" -e WAIT_SSHD_SECS="5" --net=host -v /tmp/slaves:/spark/conf/slaves ivotron/spark-bench run-example SparkPi 100', u'removes': None, u'warn': True, u'chdir': None}}, u'end': u'2016-10-25 09:06:08.852300', u'stderr': u''}) 
2016-10-25 16:06:10,908 p=115 u=root |  skipping: [issdm-20] => (item={'_ansible_parsed': True, u'changed': True, u'stdout': u'', '_ansible_no_log': False, 'stdout_lines': [], u'warnings': [], '_ansible_item_result': True, u'start': u'2016-10-25 09:05:43.931235', u'delta': u'0:00:25.109777', u'cmd': u'docker run --rm --name=spark-bench -e SSHD_PORT="2222" -e ADD_INSECURE_KEY="True" -e WAIT_SSHD_SECS="5" --net=host -v /tmp/slaves:/spark/conf/slaves ivotron/spark-bench run-example SparkPi 100', 'item': u'2', u'rc': 0, 'invocation': {'module_name': u'command', u'module_args': {u'creates': None, u'executable': None, u'_uses_shell': True, u'_raw_params': u'docker run --rm --name=spark-bench -e SSHD_PORT="2222" -e ADD_INSECURE_KEY="True" -e WAIT_SSHD_SECS="5" --net=host -v /tmp/slaves:/spark/conf/slaves ivotron/spark-bench run-example SparkPi 100', u'removes': None, u'warn': True, u'chdir': None}}, u'end': u'2016-10-25 09:06:09.041012', u'stderr': u''}) 
2016-10-25 16:06:10,940 p=115 u=root |  skipping: [issdm-29] => (item={'_ansible_parsed': True, u'changed': True, u'stdout': u'', '_ansible_no_log': False, 'stdout_lines': [], u'warnings': [], '_ansible_item_result': True, u'start': u'2016-10-25 09:05:44.179794', u'delta': u'0:00:25.090818', u'cmd': u'docker run --rm --name=spark-bench -e SSHD_PORT="2222" -e ADD_INSECURE_KEY="True" -e WAIT_SSHD_SECS="5" --net=host -v /tmp/slaves:/spark/conf/slaves ivotron/spark-bench run-example SparkPi 100', 'item': u'2', u'rc': 0, 'invocation': {'module_name': u'command', u'module_args': {u'creates': None, u'executable': None, u'_uses_shell': True, u'_raw_params': u'docker run --rm --name=spark-bench -e SSHD_PORT="2222" -e ADD_INSECURE_KEY="True" -e WAIT_SSHD_SECS="5" --net=host -v /tmp/slaves:/spark/conf/slaves ivotron/spark-bench run-example SparkPi 100', u'removes': None, u'warn': True, u'chdir': None}}, u'end': u'2016-10-25 09:06:09.270612', u'stderr': u''}) 
2016-10-25 16:06:10,955 p=115 u=root |  skipping: [issdm-38] => (item={'_ansible_parsed': True, u'changed': True, u'stdout': u'', '_ansible_no_log': False, 'stdout_lines': [], u'warnings': [], '_ansible_item_result': True, u'start': u'2016-10-25 09:05:44.359690', u'delta': u'0:00:25.134127', u'cmd': u'docker run --rm --name=spark-bench -e SSHD_PORT="2222" -e ADD_INSECURE_KEY="True" -e WAIT_SSHD_SECS="5" --net=host -v /tmp/slaves:/spark/conf/slaves ivotron/spark-bench run-example SparkPi 100', 'item': u'2', u'rc': 0, 'invocation': {'module_name': u'command', u'module_args': {u'creates': None, u'executable': None, u'_uses_shell': True, u'_raw_params': u'docker run --rm --name=spark-bench -e SSHD_PORT="2222" -e ADD_INSECURE_KEY="True" -e WAIT_SSHD_SECS="5" --net=host -v /tmp/slaves:/spark/conf/slaves ivotron/spark-bench run-example SparkPi 100', u'removes': None, u'warn': True, u'chdir': None}}, u'end': u'2016-10-25 09:06:09.493817', u'stderr': u''}) 
2016-10-25 16:06:10,966 p=115 u=root |  skipping: [issdm-45] => (item={'_ansible_parsed': True, u'changed': True, u'stdout': u'', '_ansible_no_log': False, 'stdout_lines': [], u'warnings': [], '_ansible_item_result': True, u'start': u'2016-10-25 09:05:19.393452', u'delta': u'0:00:24.764057', u'cmd': u'docker run --rm --name=spark-bench -e SSHD_PORT="2222" -e ADD_INSECURE_KEY="True" -e WAIT_SSHD_SECS="5" --net=host -v /tmp/slaves:/spark/conf/slaves ivotron/spark-bench run-example SparkPi 100', 'item': u'1', u'rc': 0, 'invocation': {'module_name': u'command', u'module_args': {u'creates': None, u'executable': None, u'_uses_shell': True, u'_raw_params': u'docker run --rm --name=spark-bench -e SSHD_PORT="2222" -e ADD_INSECURE_KEY="True" -e WAIT_SSHD_SECS="5" --net=host -v /tmp/slaves:/spark/conf/slaves ivotron/spark-bench run-example SparkPi 100', u'removes': None, u'warn': True, u'chdir': None}}, u'end': u'2016-10-25 09:05:44.157509', u'stderr': u''}) 
2016-10-25 16:06:10,979 p=115 u=root |  skipping: [issdm-47] => (item={'_ansible_parsed': True, u'changed': True, u'stdout': u'', '_ansible_no_log': False, 'stdout_lines': [], u'warnings': [], '_ansible_item_result': True, u'start': u'2016-10-25 09:05:19.387997', u'delta': u'0:00:25.011584', u'cmd': u'docker run --rm --name=spark-bench -e SSHD_PORT="2222" -e ADD_INSECURE_KEY="True" -e WAIT_SSHD_SECS="5" --net=host -v /tmp/slaves:/spark/conf/slaves ivotron/spark-bench run-example SparkPi 100', 'item': u'1', u'rc': 0, 'invocation': {'module_name': u'command', u'module_args': {u'creates': None, u'executable': None, u'_uses_shell': True, u'_raw_params': u'docker run --rm --name=spark-bench -e SSHD_PORT="2222" -e ADD_INSECURE_KEY="True" -e WAIT_SSHD_SECS="5" --net=host -v /tmp/slaves:/spark/conf/slaves ivotron/spark-bench run-example SparkPi 100', u'removes': None, u'warn': True, u'chdir': None}}, u'end': u'2016-10-25 09:05:44.399581', u'stderr': u''}) 
2016-10-25 16:06:10,990 p=115 u=root |  ok: [issdm-6] => (item={'_ansible_parsed': True, u'changed': True, u'stdout': u'starting org.apache.spark.deploy.master.Master, logging to /spark/logs/spark--org.apache.spark.deploy.master.Master-1-issdm-6.out\nissdm-18: starting org.apache.spark.deploy.worker.Worker, logging to /spark/logs/spark-root-org.apache.spark.deploy.worker.Worker-1-issdm-18.out\nissdm-15: starting org.apache.spark.deploy.worker.Worker, logging to /spark/logs/spark-root-org.apache.spark.deploy.worker.Worker-1-issdm-15.out\nissdm-16: starting org.apache.spark.deploy.worker.Worker, logging to /spark/logs/spark-root-org.apache.spark.deploy.worker.Worker-1-issdm-16.out\nissdm-29: starting org.apache.spark.deploy.worker.Worker, logging to /spark/logs/spark-root-org.apache.spark.deploy.worker.Worker-1-issdm-29.out\nissdm-20: starting org.apache.spark.deploy.worker.Worker, logging to /spark/logs/spark-root-org.apache.spark.deploy.worker.Worker-1-issdm-20.out\nissdm-38: starting org.apache.spark.deploy.worker.Worker, logging to /spark/logs/spark-root-org.apache.spark.deploy.worker.Worker-1-issdm-38.out\nissdm-45: starting org.apache.spark.deploy.worker.Worker, logging to /spark/logs/spark-root-org.apache.spark.deploy.worker.Worker-1-issdm-45.out\nissdm-47: starting org.apache.spark.deploy.worker.Worker, logging to /spark/logs/spark-root-org.apache.spark.deploy.worker.Worker-1-issdm-47.out\nStopping OpenBSD Secure Shell server: sshd.\nStopping OpenBSD Secure Shell server: sshd.\nStopping OpenBSD Secure Shell server: sshd.\nStopping OpenBSD Secure Shell server: sshd.\nStopping OpenBSD Secure Shell server: sshd.\nStopping OpenBSD Secure Shell server: sshd.\nStopping OpenBSD Secure Shell server: sshd.\nStopping OpenBSD Secure Shell server: sshd.\nStopping OpenBSD Secure Shell server: sshd.', '_ansible_no_log': False, 'stdout_lines': [u'starting org.apache.spark.deploy.master.Master, logging to /spark/logs/spark--org.apache.spark.deploy.master.Master-1-issdm-6.out', u'issdm-18: starting org.apache.spark.deploy.worker.Worker, logging to /spark/logs/spark-root-org.apache.spark.deploy.worker.Worker-1-issdm-18.out', u'issdm-15: starting org.apache.spark.deploy.worker.Worker, logging to /spark/logs/spark-root-org.apache.spark.deploy.worker.Worker-1-issdm-15.out', u'issdm-16: starting org.apache.spark.deploy.worker.Worker, logging to /spark/logs/spark-root-org.apache.spark.deploy.worker.Worker-1-issdm-16.out', u'issdm-29: starting org.apache.spark.deploy.worker.Worker, logging to /spark/logs/spark-root-org.apache.spark.deploy.worker.Worker-1-issdm-29.out', u'issdm-20: starting org.apache.spark.deploy.worker.Worker, logging to /spark/logs/spark-root-org.apache.spark.deploy.worker.Worker-1-issdm-20.out', u'issdm-38: starting org.apache.spark.deploy.worker.Worker, logging to /spark/logs/spark-root-org.apache.spark.deploy.worker.Worker-1-issdm-38.out', u'issdm-45: starting org.apache.spark.deploy.worker.Worker, logging to /spark/logs/spark-root-org.apache.spark.deploy.worker.Worker-1-issdm-45.out', u'issdm-47: starting org.apache.spark.deploy.worker.Worker, logging to /spark/logs/spark-root-org.apache.spark.deploy.worker.Worker-1-issdm-47.out', u'Stopping OpenBSD Secure Shell server: sshd.', u'Stopping OpenBSD Secure Shell server: sshd.', u'Stopping OpenBSD Secure Shell server: sshd.', u'Stopping OpenBSD Secure Shell server: sshd.', u'Stopping OpenBSD Secure Shell server: sshd.', u'Stopping OpenBSD Secure Shell server: sshd.', u'Stopping OpenBSD Secure Shell server: sshd.', u'Stopping OpenBSD Secure Shell server: sshd.', u'Stopping OpenBSD Secure Shell server: sshd.'], u'warnings': [], '_ansible_item_result': True, u'start': u'2016-10-25 09:05:44.742669', u'delta': u'0:00:25.124317', u'cmd': u'docker run --rm --name=spark-bench -e SSHD_PORT="2222" -e ADD_INSECURE_KEY="True" -e WAIT_SSHD_SECS="5" -e MASTER="1" --net=host -v /tmp/slaves:/spark/conf/slaves ivotron/spark-bench run-example SparkPi 100', 'item': u'2', u'rc': 0, 'invocation': {'module_name': u'command', u'module_args': {u'creates': None, u'executable': None, u'_uses_shell': True, u'_raw_params': u'docker run --rm --name=spark-bench -e SSHD_PORT="2222" -e ADD_INSECURE_KEY="True" -e WAIT_SSHD_SECS="5" -e MASTER="1" --net=host -v /tmp/slaves:/spark/conf/slaves ivotron/spark-bench run-example SparkPi 100', u'removes': None, u'warn': True, u'chdir': None}}, u'end': u'2016-10-25 09:06:09.866986', u'stderr': u''})
2016-10-25 16:06:11,005 p=115 u=root |  skipping: [issdm-15] => (item={'_ansible_parsed': True, u'changed': True, u'stdout': u'', '_ansible_no_log': False, 'stdout_lines': [], u'warnings': [], '_ansible_item_result': True, u'start': u'2016-10-25 09:05:43.382063', u'delta': u'0:00:25.114468', u'cmd': u'docker run --rm --name=spark-bench -e SSHD_PORT="2222" -e ADD_INSECURE_KEY="True" -e WAIT_SSHD_SECS="5" --net=host -v /tmp/slaves:/spark/conf/slaves ivotron/spark-bench run-example SparkPi 100', 'item': u'2', u'rc': 0, 'invocation': {'module_name': u'command', u'module_args': {u'creates': None, u'executable': None, u'_uses_shell': True, u'_raw_params': u'docker run --rm --name=spark-bench -e SSHD_PORT="2222" -e ADD_INSECURE_KEY="True" -e WAIT_SSHD_SECS="5" --net=host -v /tmp/slaves:/spark/conf/slaves ivotron/spark-bench run-example SparkPi 100', u'removes': None, u'warn': True, u'chdir': None}}, u'end': u'2016-10-25 09:06:08.496531', u'stderr': u''}) 
2016-10-25 16:06:11,021 p=115 u=root |  skipping: [issdm-16] => (item={'_ansible_parsed': True, u'changed': True, u'stdout': u'', '_ansible_no_log': False, 'stdout_lines': [], u'warnings': [], '_ansible_item_result': True, u'start': u'2016-10-25 09:05:43.565366', u'delta': u'0:00:25.079402', u'cmd': u'docker run --rm --name=spark-bench -e SSHD_PORT="2222" -e ADD_INSECURE_KEY="True" -e WAIT_SSHD_SECS="5" --net=host -v /tmp/slaves:/spark/conf/slaves ivotron/spark-bench run-example SparkPi 100', 'item': u'2', u'rc': 0, 'invocation': {'module_name': u'command', u'module_args': {u'creates': None, u'executable': None, u'_uses_shell': True, u'_raw_params': u'docker run --rm --name=spark-bench -e SSHD_PORT="2222" -e ADD_INSECURE_KEY="True" -e WAIT_SSHD_SECS="5" --net=host -v /tmp/slaves:/spark/conf/slaves ivotron/spark-bench run-example SparkPi 100', u'removes': None, u'warn': True, u'chdir': None}}, u'end': u'2016-10-25 09:06:08.644768', u'stderr': u''}) 
2016-10-25 16:06:11,053 p=115 u=root |  skipping: [issdm-45] => (item={'_ansible_parsed': True, u'changed': True, u'stdout': u'', '_ansible_no_log': False, 'stdout_lines': [], u'warnings': [], '_ansible_item_result': True, u'start': u'2016-10-25 09:05:44.565040', u'delta': u'0:00:25.134145', u'cmd': u'docker run --rm --name=spark-bench -e SSHD_PORT="2222" -e ADD_INSECURE_KEY="True" -e WAIT_SSHD_SECS="5" --net=host -v /tmp/slaves:/spark/conf/slaves ivotron/spark-bench run-example SparkPi 100', 'item': u'2', u'rc': 0, 'invocation': {'module_name': u'command', u'module_args': {u'creates': None, u'executable': None, u'_uses_shell': True, u'_raw_params': u'docker run --rm --name=spark-bench -e SSHD_PORT="2222" -e ADD_INSECURE_KEY="True" -e WAIT_SSHD_SECS="5" --net=host -v /tmp/slaves:/spark/conf/slaves ivotron/spark-bench run-example SparkPi 100', u'removes': None, u'warn': True, u'chdir': None}}, u'end': u'2016-10-25 09:06:09.699185', u'stderr': u''}) 
2016-10-25 16:06:11,063 p=115 u=root |  skipping: [issdm-47] => (item={'_ansible_parsed': True, u'changed': True, u'stdout': u'', '_ansible_no_log': False, 'stdout_lines': [], u'warnings': [], '_ansible_item_result': True, u'start': u'2016-10-25 09:05:44.812116', u'delta': u'0:00:25.081265', u'cmd': u'docker run --rm --name=spark-bench -e SSHD_PORT="2222" -e ADD_INSECURE_KEY="True" -e WAIT_SSHD_SECS="5" --net=host -v /tmp/slaves:/spark/conf/slaves ivotron/spark-bench run-example SparkPi 100', 'item': u'2', u'rc': 0, 'invocation': {'module_name': u'command', u'module_args': {u'creates': None, u'executable': None, u'_uses_shell': True, u'_raw_params': u'docker run --rm --name=spark-bench -e SSHD_PORT="2222" -e ADD_INSECURE_KEY="True" -e WAIT_SSHD_SECS="5" --net=host -v /tmp/slaves:/spark/conf/slaves ivotron/spark-bench run-example SparkPi 100', u'removes': None, u'warn': True, u'chdir': None}}, u'end': u'2016-10-25 09:06:09.893381', u'stderr': u''}) 
2016-10-25 16:06:11,150 p=115 u=root |  TASK [run-bench : add results to global variable] ******************************
2016-10-25 16:06:11,253 p=115 u=root |  skipping: [issdm-15]
2016-10-25 16:06:11,263 p=115 u=root |  skipping: [issdm-16]
2016-10-25 16:06:11,268 p=115 u=root |  skipping: [issdm-18]
2016-10-25 16:06:11,279 p=115 u=root |  skipping: [issdm-20]
2016-10-25 16:06:11,291 p=115 u=root |  skipping: [issdm-29]
2016-10-25 16:06:11,312 p=115 u=root |  ok: [issdm-6]
2016-10-25 16:06:11,323 p=115 u=root |  skipping: [issdm-38]
2016-10-25 16:06:11,333 p=115 u=root |  skipping: [issdm-45]
2016-10-25 16:06:11,343 p=115 u=root |  skipping: [issdm-47]
2016-10-25 16:06:11,357 p=115 u=root |  TASK [run-bench : initialize results variable] *********************************
2016-10-25 16:06:11,407 p=115 u=root |  ok: [issdm-6 -> localhost]
2016-10-25 16:06:11,436 p=115 u=root |  TASK [run-bench : populate results variable] ***********************************
2016-10-25 16:06:11,576 p=115 u=root |  ok: [issdm-6 -> localhost] => (item=issdm-6)
2016-10-25 16:06:11,666 p=115 u=root |  ok: [issdm-6 -> localhost] => (item=issdm-15)
2016-10-25 16:06:11,760 p=115 u=root |  ok: [issdm-6 -> localhost] => (item=issdm-16)
2016-10-25 16:06:11,854 p=115 u=root |  ok: [issdm-6 -> localhost] => (item=issdm-18)
2016-10-25 16:06:11,949 p=115 u=root |  ok: [issdm-6 -> localhost] => (item=issdm-20)
2016-10-25 16:06:12,038 p=115 u=root |  ok: [issdm-6 -> localhost] => (item=issdm-29)
2016-10-25 16:06:12,132 p=115 u=root |  ok: [issdm-6 -> localhost] => (item=issdm-38)
2016-10-25 16:06:12,226 p=115 u=root |  ok: [issdm-6 -> localhost] => (item=issdm-45)
2016-10-25 16:06:12,320 p=115 u=root |  ok: [issdm-6 -> localhost] => (item=issdm-47)
2016-10-25 16:06:12,356 p=115 u=root |  TASK [run-bench : store results] ***********************************************
2016-10-25 16:06:13,001 p=115 u=root |  changed: [issdm-6 -> localhost]
2016-10-25 16:06:13,015 p=115 u=root |  PLAY RECAP *********************************************************************
2016-10-25 16:06:13,016 p=115 u=root |  issdm-15                   : ok=15   changed=2    unreachable=0    failed=0   
2016-10-25 16:06:13,016 p=115 u=root |  issdm-16                   : ok=15   changed=2    unreachable=0    failed=0   
2016-10-25 16:06:13,016 p=115 u=root |  issdm-18                   : ok=15   changed=2    unreachable=0    failed=0   
2016-10-25 16:06:13,016 p=115 u=root |  issdm-20                   : ok=15   changed=2    unreachable=0    failed=0   
2016-10-25 16:06:13,016 p=115 u=root |  issdm-29                   : ok=15   changed=2    unreachable=0    failed=0   
2016-10-25 16:06:13,017 p=115 u=root |  issdm-38                   : ok=15   changed=2    unreachable=0    failed=0   
2016-10-25 16:06:13,017 p=115 u=root |  issdm-45                   : ok=15   changed=2    unreachable=0    failed=0   
2016-10-25 16:06:13,017 p=115 u=root |  issdm-47                   : ok=15   changed=2    unreachable=0    failed=0   
2016-10-25 16:06:13,017 p=115 u=root |  issdm-6                    : ok=21   changed=3    unreachable=0    failed=0   
